<?xml version="1.0" encoding="UTF-8"?>
<!-- Generated by org.testng.reporters.JUnitReportReporter -->
<testsuite skipped="8" hostname="VDC01DLAP0359" name="com.cl.testcases.CA_TC_02" tests="10" failures="0" timestamp="2022-07-20T17:01:27 IST" time="0.809" errors="2">
  <testcase name="takescreenshot" time="0.807" classname="com.cl.testcases.CA_TC_02">
    <error type="java.lang.NullPointerException">
      <![CDATA[java.lang.NullPointerException
at com.cl.pages.BaseClass.takescreenshot(BaseClass.java:66)
at sun.reflect.NativeMethodAccessorImpl.invoke0(Native Method)
at sun.reflect.NativeMethodAccessorImpl.invoke(Unknown Source)
at sun.reflect.DelegatingMethodAccessorImpl.invoke(Unknown Source)
at java.lang.reflect.Method.invoke(Unknown Source)
at org.testng.internal.MethodInvocationHelper.invokeMethod(MethodInvocationHelper.java:133)
at org.testng.internal.MethodInvocationHelper.invokeMethodConsideringTimeout(MethodInvocationHelper.java:62)
at org.testng.internal.ConfigInvoker.invokeConfigurationMethod(ConfigInvoker.java:385)
at org.testng.internal.ConfigInvoker.invokeConfigurations(ConfigInvoker.java:321)
at org.testng.internal.TestInvoker.runConfigMethods(TestInvoker.java:700)
at org.testng.internal.TestInvoker.runAfterGroupsConfigurations(TestInvoker.java:676)
at org.testng.internal.TestInvoker.invokeMethod(TestInvoker.java:660)
at org.testng.internal.TestInvoker.invokeTestMethod(TestInvoker.java:173)
at org.testng.internal.MethodRunner.runInSequence(MethodRunner.java:46)
at org.testng.internal.TestInvoker$MethodInvocationAgent.invoke(TestInvoker.java:824)
at org.testng.internal.TestInvoker.invokeTestMethods(TestInvoker.java:146)
at org.testng.internal.TestMethodWorker.invokeTestMethods(TestMethodWorker.java:146)
at org.testng.internal.TestMethodWorker.run(TestMethodWorker.java:128)
at java.util.ArrayList.forEach(Unknown Source)
at org.testng.TestRunner.privateRun(TestRunner.java:794)
at org.testng.TestRunner.run(TestRunner.java:596)
at org.testng.SuiteRunner.runTest(SuiteRunner.java:377)
at org.testng.SuiteRunner.runSequentially(SuiteRunner.java:371)
at org.testng.SuiteRunner.privateRun(SuiteRunner.java:332)
at org.testng.SuiteRunner.run(SuiteRunner.java:276)
at org.testng.SuiteRunnerWorker.runSuite(SuiteRunnerWorker.java:53)
at org.testng.SuiteRunnerWorker.run(SuiteRunnerWorker.java:96)
at org.testng.TestNG.runSuitesSequentially(TestNG.java:1212)
at org.testng.TestNG.runSuitesLocally(TestNG.java:1134)
at org.testng.TestNG.runSuites(TestNG.java:1063)
at org.testng.TestNG.run(TestNG.java:1031)
at org.testng.remote.AbstractRemoteTestNG.run(AbstractRemoteTestNG.java:115)
at org.testng.remote.RemoteTestNG.initAndRun(RemoteTestNG.java:251)
at org.testng.remote.RemoteTestNG.main(RemoteTestNG.java:77)
]]>
    </error>
  </testcase> <!-- takescreenshot -->
  <system-out>
    <![CDATA[Test is about to end]]>
  </system-out>
  <testcase name="deleteAllCoockies" time="0.002" classname="com.cl.testcases.CA_TC_02">
    <error type="java.lang.NullPointerException">
      <![CDATA[java.lang.NullPointerException
at com.cl.testcases.CA_TC_02.deleteAllCoockies(CA_TC_02.java:16)
at sun.reflect.NativeMethodAccessorImpl.invoke0(Native Method)
at sun.reflect.NativeMethodAccessorImpl.invoke(Unknown Source)
at sun.reflect.DelegatingMethodAccessorImpl.invoke(Unknown Source)
at java.lang.reflect.Method.invoke(Unknown Source)
at org.testng.internal.MethodInvocationHelper.invokeMethod(MethodInvocationHelper.java:133)
at org.testng.internal.TestInvoker.invokeMethod(TestInvoker.java:598)
at org.testng.internal.TestInvoker.invokeTestMethod(TestInvoker.java:173)
at org.testng.internal.MethodRunner.runInSequence(MethodRunner.java:46)
at org.testng.internal.TestInvoker$MethodInvocationAgent.invoke(TestInvoker.java:824)
at org.testng.internal.TestInvoker.invokeTestMethods(TestInvoker.java:146)
at org.testng.internal.TestMethodWorker.invokeTestMethods(TestMethodWorker.java:146)
at org.testng.internal.TestMethodWorker.run(TestMethodWorker.java:128)
at java.util.ArrayList.forEach(Unknown Source)
at org.testng.TestRunner.privateRun(TestRunner.java:794)
at org.testng.TestRunner.run(TestRunner.java:596)
at org.testng.SuiteRunner.runTest(SuiteRunner.java:377)
at org.testng.SuiteRunner.runSequentially(SuiteRunner.java:371)
at org.testng.SuiteRunner.privateRun(SuiteRunner.java:332)
at org.testng.SuiteRunner.run(SuiteRunner.java:276)
at org.testng.SuiteRunnerWorker.runSuite(SuiteRunnerWorker.java:53)
at org.testng.SuiteRunnerWorker.run(SuiteRunnerWorker.java:96)
at org.testng.TestNG.runSuitesSequentially(TestNG.java:1212)
at org.testng.TestNG.runSuitesLocally(TestNG.java:1134)
at org.testng.TestNG.runSuites(TestNG.java:1063)
at org.testng.TestNG.run(TestNG.java:1031)
at org.testng.remote.AbstractRemoteTestNG.run(AbstractRemoteTestNG.java:115)
at org.testng.remote.RemoteTestNG.initAndRun(RemoteTestNG.java:251)
at org.testng.remote.RemoteTestNG.main(RemoteTestNG.java:77)
]]>
    </error>
  </testcase> <!-- deleteAllCoockies -->
  <system-out/>
  <testcase name="mouseHover" time="0.000" classname="com.cl.testcases.CA_TC_02">
    <skipped/>
  </testcase> <!-- mouseHover -->
  <system-out/>
  <testcase name="clickOnSignInCTA" time="0.000" classname="com.cl.testcases.CA_TC_02">
    <skipped/>
  </testcase> <!-- clickOnSignInCTA -->
  <system-out/>
  <testcase name="clickOnCreateAmazonAccountCTA" time="0.000" classname="com.cl.testcases.CA_TC_02">
    <skipped/>
  </testcase> <!-- clickOnCreateAmazonAccountCTA -->
  <system-out/>
  <testcase name="enterName" time="0.000" classname="com.cl.testcases.CA_TC_02">
    <skipped/>
  </testcase> <!-- enterName -->
  <system-out/>
  <testcase name="enterMobileNumber" time="0.000" classname="com.cl.testcases.CA_TC_02">
    <skipped/>
  </testcase> <!-- enterMobileNumber -->
  <system-out/>
  <testcase name="enterEmailID" time="0.000" classname="com.cl.testcases.CA_TC_02">
    <skipped/>
  </testcase> <!-- enterEmailID -->
  <system-out/>
  <testcase name="enterPWD" time="0.000" classname="com.cl.testcases.CA_TC_02">
    <skipped/>
  </testcase> <!-- enterPWD -->
  <system-out/>
  <testcase name="clickOnTheContnueCTA" time="0.000" classname="com.cl.testcases.CA_TC_02">
    <skipped/>
  </testcase> <!-- clickOnTheContnueCTA -->
  <system-out/>
</testsuite> <!-- com.cl.testcases.CA_TC_02 -->
