<!DOCTYPE html PUBLIC "-//W3C//DTD XHTML 1.1//EN" "https://www.w3.org/TR/xhtml11/DTD/xhtml11.dtd">
<html xmlns="https://www.w3.org/1999/xhtml">
<head>
<meta http-equiv="content-type" content="text/html; charset=UTF-8"/>
<title>TestNG Report</title>
<style type="text/css">table {margin-bottom:10px;border-collapse:collapse;empty-cells:show}th,td {border:1px solid #009;padding:.25em .5em}th {vertical-align:bottom}td {vertical-align:top}table a {font-weight:bold}.stripe td {background-color: #E6EBF9}.num {text-align:right}.passedodd td {background-color: #3F3}.passedeven td {background-color: #0A0}.skippedodd td {background-color: #DDD}.skippedeven td {background-color: #CCC}.failedodd td,.attn {background-color: #F33}.failedeven td,.stripe .attn {background-color: #D00}.stacktrace {white-space:pre;font-family:monospace}.totop {font-size:85%;text-align:center;border-bottom:2px solid #000}.invisible {display:none}</style>
</head>
<body>
<table>
<tr><th>Test</th><th># Passed</th><th># Skipped</th><th># Retried</th><th># Failed</th><th>Time (ms)</th><th>Included Groups</th><th>Excluded Groups</th></tr>
<tr><th colspan="8">Suite</th></tr>
<tr><td><a href="#t0">Test</a></td><td class="num">7</td><td class="num">0</td><td class="num">0</td><td class="num attn">2</td><td class="num">71,848</td><td></td><td></td></tr>
</table>
<table id='summary'><thead><tr><th>Class</th><th>Method</th><th>Start</th><th>Time (ms)</th></tr></thead><tbody><tr><th colspan="4">Suite</th></tr></tbody><tbody id="t0"><tr><th colspan="4">Test &#8212; failed</th></tr><tr class="failedeven"><td rowspan="2">com.cl.testcases.SP_TC_01</td><td><a href="#m0">clickOnSignInCTA</a></td><td rowspan="1">1660644079147</td><td rowspan="1">30041</td></tr><tr class="failedeven"><td><a href="#m1">clickOnTheSignInCTA</a></td><td rowspan="1">1660644118546</td><td rowspan="1">4977</td></tr><tr><th colspan="4">Test &#8212; passed</th></tr><tr class="passedeven"><td rowspan="7">com.cl.testcases.SP_TC_01</td><td><a href="#m2">clickOnContinueCTA</a></td><td rowspan="1">1660644110641</td><td rowspan="1">2419</td></tr><tr class="passedeven"><td><a href="#m3">clickOnEmailIdTextField</a></td><td rowspan="1">1660644109517</td><td rowspan="1">190</td></tr><tr class="passedeven"><td><a href="#m4">clickOnPasswordTextField</a></td><td rowspan="1">1660644113364</td><td rowspan="1">4155</td></tr><tr class="passedeven"><td><a href="#m5">deleteAllCoockies</a></td><td rowspan="1">1660644072421</td><td rowspan="1">1831</td></tr><tr class="passedeven"><td><a href="#m6">enterEmailIdOnTextField</a></td><td rowspan="1">1660644109994</td><td rowspan="1">238</td></tr><tr class="passedeven"><td><a href="#m7">enterpasswordOnTextField</a></td><td rowspan="1">1660644117844</td><td rowspan="1">331</td></tr><tr class="passedeven"><td><a href="#m8">mouseHover</a></td><td rowspan="1">1660644077193</td><td rowspan="1">1532</td></tr></tbody>
</table>
<h2>Test</h2><h3 id="m0">com.cl.testcases.SP_TC_01#clickOnSignInCTA</h3><table class="result"><tr><th>Exception</th></tr><tr><td><div class="stacktrace">org.openqa.selenium.NoSuchElementException: no such element: Unable to locate element: {&quot;method&quot;:&quot;xpath&quot;,&quot;selector&quot;:&quot;(//span[@class=&apos;nav-action-inner&apos;])[2]&quot;}
  (Session info: chrome=104.0.5112.81)
For documentation on this error, please visit: https://selenium.dev/exceptions/#no_such_element
Build info: version: &apos;4.3.0&apos;, revision: &apos;a4995e2c09*&apos;
System info: host: &apos;VDC01DLAP0359&apos;, ip: &apos;172.16.192.37&apos;, os.name: &apos;Windows 10&apos;, os.arch: &apos;amd64&apos;, os.version: &apos;10.0&apos;, java.version: &apos;1.8.0_121&apos;
Driver info: org.openqa.selenium.chrome.ChromeDriver
Command: [33da360aedc90c69548e6536aa4051cb, findElement {using=xpath, value=(//span[@class=&apos;nav-action-inner&apos;])[2]}]
Capabilities {acceptInsecureCerts: false, browserName: chrome, browserVersion: 104.0.5112.81, chrome: {chromedriverVersion: 104.0.5112.79 (3cf3e8c8a07d..., userDataDir: C:\Users\CHAITR~1.BAB\AppDa...}, goog:chromeOptions: {debuggerAddress: localhost:59021}, networkConnectionEnabled: false, pageLoadStrategy: normal, platformName: WINDOWS, proxy: Proxy(), se:cdp: ws://localhost:59021/devtoo..., se:cdpVersion: 104.0.5112.81, setWindowRect: true, strictFileInteractability: false, timeouts: {implicit: 0, pageLoad: 300000, script: 30000}, unhandledPromptBehavior: dismiss and notify, webauthn:extension:credBlob: true, webauthn:extension:largeBlob: true, webauthn:virtualAuthenticators: true}
Session ID: 33da360aedc90c69548e6536aa4051cb
	at org.openqa.selenium.remote.codec.w3c.W3CHttpResponseCodec.createException(W3CHttpResponseCodec.java:200)
	at org.openqa.selenium.remote.codec.w3c.W3CHttpResponseCodec.decode(W3CHttpResponseCodec.java:133)
	at org.openqa.selenium.remote.codec.w3c.W3CHttpResponseCodec.decode(W3CHttpResponseCodec.java:53)
	at org.openqa.selenium.remote.HttpCommandExecutor.execute(HttpCommandExecutor.java:184)
	at org.openqa.selenium.remote.service.DriverCommandExecutor.invokeExecute(DriverCommandExecutor.java:167)
	at org.openqa.selenium.remote.service.DriverCommandExecutor.execute(DriverCommandExecutor.java:142)
	at org.openqa.selenium.remote.RemoteWebDriver.execute(RemoteWebDriver.java:569)
	at org.openqa.selenium.remote.ElementLocation$ElementFinder$2.findElement(ElementLocation.java:162)
	at org.openqa.selenium.remote.ElementLocation.findElement(ElementLocation.java:60)
	at org.openqa.selenium.remote.RemoteWebDriver.findElement(RemoteWebDriver.java:387)
	at org.openqa.selenium.remote.RemoteWebDriver.findElement(RemoteWebDriver.java:379)
	at com.cl.GUIFunctions.GUIFunctions.clickButton(GUIFunctions.java:80)
	at com.cl.pages.SignInPage.clickonSignInCTA(SignInPage.java:81)
	at com.cl.testcases.SP_TC_01.clickOnSignInCTA(SP_TC_01.java:44)
	at java.util.ArrayList.forEach(ArrayList.java:1249)
... Removed 35 stack frames</div></td></tr></table><p class="totop"><a href="#summary">back to summary</a></p>
<h3 id="m1">com.cl.testcases.SP_TC_01#clickOnTheSignInCTA</h3><table class="result"><tr><th>Exception</th></tr><tr><td><div class="stacktrace">java.lang.IllegalArgumentException: Cannot find elements when the XPath is null.
	at org.openqa.selenium.internal.Require$ArgumentChecker.nonNull(Require.java:204)
	at org.openqa.selenium.By$ByXPath.&lt;init&gt;(By.java:287)
	at org.openqa.selenium.By.xpath(By.java:89)
	at com.cl.pages.HomePage.&lt;init&gt;(HomePage.java:21)
	at com.cl.pages.SignInPage.clickOnTheSignInCTA(SignInPage.java:125)
	at com.cl.testcases.SP_TC_01.clickOnTheSignInCTA(SP_TC_01.java:119)
	at java.util.ArrayList.forEach(ArrayList.java:1249)
... Removed 31 stack frames</div></td></tr></table><p class="totop"><a href="#summary">back to summary</a></p>
<h3 id="m2">com.cl.testcases.SP_TC_01#clickOnContinueCTA</h3><table class="result"><tr><th class="invisible"/></tr></table><p class="totop"><a href="#summary">back to summary</a></p>
<h3 id="m3">com.cl.testcases.SP_TC_01#clickOnEmailIdTextField</h3><table class="result"><tr><th class="invisible"/></tr></table><p class="totop"><a href="#summary">back to summary</a></p>
<h3 id="m4">com.cl.testcases.SP_TC_01#clickOnPasswordTextField</h3><table class="result"><tr><th class="invisible"/></tr></table><p class="totop"><a href="#summary">back to summary</a></p>
<h3 id="m5">com.cl.testcases.SP_TC_01#deleteAllCoockies</h3><table class="result"><tr><th class="invisible"/></tr></table><p class="totop"><a href="#summary">back to summary</a></p>
<h3 id="m6">com.cl.testcases.SP_TC_01#enterEmailIdOnTextField</h3><table class="result"><tr><th class="invisible"/></tr></table><p class="totop"><a href="#summary">back to summary</a></p>
<h3 id="m7">com.cl.testcases.SP_TC_01#enterpasswordOnTextField</h3><table class="result"><tr><th class="invisible"/></tr></table><p class="totop"><a href="#summary">back to summary</a></p>
<h3 id="m8">com.cl.testcases.SP_TC_01#mouseHover</h3><table class="result"><tr><th class="invisible"/></tr></table><p class="totop"><a href="#summary">back to summary</a></p>
</body>
</html>
