<?xml version="1.0" encoding="UTF-8"?>
<testng-results skipped="0" failed="2" ignored="0" total="9" passed="7">
  <reporter-output>
    <line>
      <![CDATA[Setting up the reports and Test is getting ready]]>
    </line>
    <line>
      <![CDATA[Setting Done - Test can be started]]>
    </line>
    <line>
      <![CDATA[Tring to start browser and Getting application ready]]>
    </line>
    <line>
      <![CDATA[Browser and Application is up and running]]>
    </line>
    <line>
      <![CDATA[Test is about to end]]>
    </line>
    <line>
      <![CDATA[Test Completed >>>> Reports Generated]]>
    </line>
    <line>
      <![CDATA[Test is about to end]]>
    </line>
    <line>
      <![CDATA[Test Completed >>>> Reports Generated]]>
    </line>
    <line>
      <![CDATA[Test is about to end]]>
    </line>
    <line>
      <![CDATA[Test Completed >>>> Reports Generated]]>
    </line>
    <line>
      <![CDATA[Test is about to end]]>
    </line>
    <line>
      <![CDATA[Test Completed >>>> Reports Generated]]>
    </line>
    <line>
      <![CDATA[Test is about to end]]>
    </line>
    <line>
      <![CDATA[Test Completed >>>> Reports Generated]]>
    </line>
    <line>
      <![CDATA[Test is about to end]]>
    </line>
    <line>
      <![CDATA[Test Completed >>>> Reports Generated]]>
    </line>
    <line>
      <![CDATA[Test is about to end]]>
    </line>
    <line>
      <![CDATA[Test Completed >>>> Reports Generated]]>
    </line>
    <line>
      <![CDATA[Test is about to end]]>
    </line>
    <line>
      <![CDATA[Test Completed >>>> Reports Generated]]>
    </line>
    <line>
      <![CDATA[Test is about to end]]>
    </line>
    <line>
      <![CDATA[Test Completed >>>> Reports Generated]]>
    </line>
  </reporter-output>
  <suite name="Suite" duration-ms="71848" started-at="2022-08-16T15:30:52 IST" finished-at="2022-08-16T15:32:04 IST">
    <groups>
    </groups>
    <test name="Test" duration-ms="71848" started-at="2022-08-16T15:30:52 IST" finished-at="2022-08-16T15:32:04 IST">
      <class name="com.cl.testcases.SP_TC_01">
        <test-method status="PASS" signature="setUpSuite()[pri:0, instance:com.cl.testcases.SP_TC_01@545997b1]" name="setUpSuite" is-config="true" duration-ms="1182" started-at="2022-08-16T15:30:51 IST" finished-at="2022-08-16T15:30:52 IST">
          <reporter-output>
            <line>
              <![CDATA[Setting up the reports and Test is getting ready]]>
            </line>
            <line>
              <![CDATA[Setting Done - Test can be started]]>
            </line>
          </reporter-output>
        </test-method> <!-- setUpSuite -->
        <test-method status="PASS" signature="setup()[pri:0, instance:com.cl.testcases.SP_TC_01@545997b1]" name="setup" is-config="true" duration-ms="19481" started-at="2022-08-16T15:30:52 IST" finished-at="2022-08-16T15:31:12 IST">
          <reporter-output>
            <line>
              <![CDATA[Tring to start browser and Getting application ready]]>
            </line>
            <line>
              <![CDATA[Browser and Application is up and running]]>
            </line>
          </reporter-output>
        </test-method> <!-- setup -->
        <test-method status="PASS" signature="deleteAllCoockies()[pri:1, instance:com.cl.testcases.SP_TC_01@545997b1]" name="deleteAllCoockies" duration-ms="1831" started-at="2022-08-16T15:31:12 IST" description="Step 1: Delete All Coockies" finished-at="2022-08-16T15:31:14 IST">
          <reporter-output>
          </reporter-output>
        </test-method> <!-- deleteAllCoockies -->
        <test-method status="PASS" signature="takescreenshot(org.testng.ITestResult)[pri:0, instance:com.cl.testcases.SP_TC_01@545997b1]" name="takescreenshot" is-config="true" duration-ms="2933" started-at="2022-08-16T15:31:14 IST" finished-at="2022-08-16T15:31:17 IST">
          <params>
            <param index="0">
              <value>
                <![CDATA[[TestResult name=deleteAllCoockies status=SUCCESS method=SP_TC_01.deleteAllCoockies()[pri:1, instance:com.cl.testcases.SP_TC_01@545997b1] output={null}]]]>
              </value>
            </param>
          </params>
          <reporter-output>
            <line>
              <![CDATA[Test is about to end]]>
            </line>
            <line>
              <![CDATA[Test Completed >>>> Reports Generated]]>
            </line>
          </reporter-output>
        </test-method> <!-- takescreenshot -->
        <test-method status="PASS" signature="mouseHover()[pri:2, instance:com.cl.testcases.SP_TC_01@545997b1]" name="mouseHover" duration-ms="1532" started-at="2022-08-16T15:31:17 IST" description="Step 2: Mouse Hover On the Hello, Sign In" finished-at="2022-08-16T15:31:18 IST">
          <reporter-output>
          </reporter-output>
        </test-method> <!-- mouseHover -->
        <test-method status="PASS" signature="takescreenshot(org.testng.ITestResult)[pri:0, instance:com.cl.testcases.SP_TC_01@545997b1]" name="takescreenshot" is-config="true" duration-ms="422" started-at="2022-08-16T15:31:18 IST" finished-at="2022-08-16T15:31:19 IST">
          <params>
            <param index="0">
              <value>
                <![CDATA[[TestResult name=mouseHover status=SUCCESS method=SP_TC_01.mouseHover()[pri:2, instance:com.cl.testcases.SP_TC_01@545997b1] output={null}]]]>
              </value>
            </param>
          </params>
          <reporter-output>
            <line>
              <![CDATA[Test is about to end]]>
            </line>
            <line>
              <![CDATA[Test Completed >>>> Reports Generated]]>
            </line>
          </reporter-output>
        </test-method> <!-- takescreenshot -->
        <test-method status="FAIL" signature="clickOnSignInCTA()[pri:3, instance:com.cl.testcases.SP_TC_01@545997b1]" name="clickOnSignInCTA" duration-ms="30041" started-at="2022-08-16T15:31:19 IST" description="Step 3: Click on Sign In CTA" finished-at="2022-08-16T15:31:49 IST">
          <exception class="org.openqa.selenium.NoSuchElementException">
            <message>
              <![CDATA[no such element: Unable to locate element: {"method":"xpath","selector":"(//span[@class='nav-action-inner'])[2]"}
  (Session info: chrome=104.0.5112.81)
For documentation on this error, please visit: https://selenium.dev/exceptions/#no_such_element
Build info: version: '4.3.0', revision: 'a4995e2c09*'
System info: host: 'VDC01DLAP0359', ip: '172.16.192.37', os.name: 'Windows 10', os.arch: 'amd64', os.version: '10.0', java.version: '1.8.0_121'
Driver info: org.openqa.selenium.chrome.ChromeDriver
Command: [33da360aedc90c69548e6536aa4051cb, findElement {using=xpath, value=(//span[@class='nav-action-inner'])[2]}]
Capabilities {acceptInsecureCerts: false, browserName: chrome, browserVersion: 104.0.5112.81, chrome: {chromedriverVersion: 104.0.5112.79 (3cf3e8c8a07d..., userDataDir: C:\Users\CHAITR~1.BAB\AppDa...}, goog:chromeOptions: {debuggerAddress: localhost:59021}, networkConnectionEnabled: false, pageLoadStrategy: normal, platformName: WINDOWS, proxy: Proxy(), se:cdp: ws://localhost:59021/devtoo..., se:cdpVersion: 104.0.5112.81, setWindowRect: true, strictFileInteractability: false, timeouts: {implicit: 0, pageLoad: 300000, script: 30000}, unhandledPromptBehavior: dismiss and notify, webauthn:extension:credBlob: true, webauthn:extension:largeBlob: true, webauthn:virtualAuthenticators: true}
Session ID: 33da360aedc90c69548e6536aa4051cb]]>
            </message>
            <full-stacktrace>
              <![CDATA[org.openqa.selenium.NoSuchElementException: no such element: Unable to locate element: {"method":"xpath","selector":"(//span[@class='nav-action-inner'])[2]"}
  (Session info: chrome=104.0.5112.81)
For documentation on this error, please visit: https://selenium.dev/exceptions/#no_such_element
Build info: version: '4.3.0', revision: 'a4995e2c09*'
System info: host: 'VDC01DLAP0359', ip: '172.16.192.37', os.name: 'Windows 10', os.arch: 'amd64', os.version: '10.0', java.version: '1.8.0_121'
Driver info: org.openqa.selenium.chrome.ChromeDriver
Command: [33da360aedc90c69548e6536aa4051cb, findElement {using=xpath, value=(//span[@class='nav-action-inner'])[2]}]
Capabilities {acceptInsecureCerts: false, browserName: chrome, browserVersion: 104.0.5112.81, chrome: {chromedriverVersion: 104.0.5112.79 (3cf3e8c8a07d..., userDataDir: C:\Users\CHAITR~1.BAB\AppDa...}, goog:chromeOptions: {debuggerAddress: localhost:59021}, networkConnectionEnabled: false, pageLoadStrategy: normal, platformName: WINDOWS, proxy: Proxy(), se:cdp: ws://localhost:59021/devtoo..., se:cdpVersion: 104.0.5112.81, setWindowRect: true, strictFileInteractability: false, timeouts: {implicit: 0, pageLoad: 300000, script: 30000}, unhandledPromptBehavior: dismiss and notify, webauthn:extension:credBlob: true, webauthn:extension:largeBlob: true, webauthn:virtualAuthenticators: true}
Session ID: 33da360aedc90c69548e6536aa4051cb
at sun.reflect.NativeConstructorAccessorImpl.newInstance0(Native Method)
at sun.reflect.NativeConstructorAccessorImpl.newInstance(NativeConstructorAccessorImpl.java:62)
at sun.reflect.DelegatingConstructorAccessorImpl.newInstance(DelegatingConstructorAccessorImpl.java:45)
at java.lang.reflect.Constructor.newInstance(Constructor.java:423)
at org.openqa.selenium.remote.codec.w3c.W3CHttpResponseCodec.createException(W3CHttpResponseCodec.java:200)
at org.openqa.selenium.remote.codec.w3c.W3CHttpResponseCodec.decode(W3CHttpResponseCodec.java:133)
at org.openqa.selenium.remote.codec.w3c.W3CHttpResponseCodec.decode(W3CHttpResponseCodec.java:53)
at org.openqa.selenium.remote.HttpCommandExecutor.execute(HttpCommandExecutor.java:184)
at org.openqa.selenium.remote.service.DriverCommandExecutor.invokeExecute(DriverCommandExecutor.java:167)
at org.openqa.selenium.remote.service.DriverCommandExecutor.execute(DriverCommandExecutor.java:142)
at org.openqa.selenium.remote.RemoteWebDriver.execute(RemoteWebDriver.java:569)
at org.openqa.selenium.remote.ElementLocation$ElementFinder$2.findElement(ElementLocation.java:162)
at org.openqa.selenium.remote.ElementLocation.findElement(ElementLocation.java:60)
at org.openqa.selenium.remote.RemoteWebDriver.findElement(RemoteWebDriver.java:387)
at org.openqa.selenium.remote.RemoteWebDriver.findElement(RemoteWebDriver.java:379)
at com.cl.GUIFunctions.GUIFunctions.clickButton(GUIFunctions.java:80)
at com.cl.pages.SignInPage.clickonSignInCTA(SignInPage.java:81)
at com.cl.testcases.SP_TC_01.clickOnSignInCTA(SP_TC_01.java:44)
at sun.reflect.NativeMethodAccessorImpl.invoke0(Native Method)
at sun.reflect.NativeMethodAccessorImpl.invoke(NativeMethodAccessorImpl.java:62)
at sun.reflect.DelegatingMethodAccessorImpl.invoke(DelegatingMethodAccessorImpl.java:43)
at java.lang.reflect.Method.invoke(Method.java:498)
at org.testng.internal.MethodInvocationHelper.invokeMethod(MethodInvocationHelper.java:133)
at org.testng.internal.TestInvoker.invokeMethod(TestInvoker.java:598)
at org.testng.internal.TestInvoker.invokeTestMethod(TestInvoker.java:173)
at org.testng.internal.MethodRunner.runInSequence(MethodRunner.java:46)
at org.testng.internal.TestInvoker$MethodInvocationAgent.invoke(TestInvoker.java:824)
at org.testng.internal.TestInvoker.invokeTestMethods(TestInvoker.java:146)
at org.testng.internal.TestMethodWorker.invokeTestMethods(TestMethodWorker.java:146)
at org.testng.internal.TestMethodWorker.run(TestMethodWorker.java:128)
at java.util.ArrayList.forEach(ArrayList.java:1249)
at org.testng.TestRunner.privateRun(TestRunner.java:794)
at org.testng.TestRunner.run(TestRunner.java:596)
at org.testng.SuiteRunner.runTest(SuiteRunner.java:377)
at org.testng.SuiteRunner.runSequentially(SuiteRunner.java:371)
at org.testng.SuiteRunner.privateRun(SuiteRunner.java:332)
at org.testng.SuiteRunner.run(SuiteRunner.java:276)
at org.testng.SuiteRunnerWorker.runSuite(SuiteRunnerWorker.java:53)
at org.testng.SuiteRunnerWorker.run(SuiteRunnerWorker.java:96)
at org.testng.TestNG.runSuitesSequentially(TestNG.java:1212)
at org.testng.TestNG.runSuitesLocally(TestNG.java:1134)
at org.testng.TestNG.runSuites(TestNG.java:1063)
at org.testng.TestNG.run(TestNG.java:1031)
at org.apache.maven.surefire.testng.TestNGExecutor.run(TestNGExecutor.java:284)
at org.apache.maven.surefire.testng.TestNGXmlTestSuite.execute(TestNGXmlTestSuite.java:75)
at org.apache.maven.surefire.testng.TestNGProvider.invoke(TestNGProvider.java:119)
at org.apache.maven.surefire.booter.ForkedBooter.runSuitesInProcess(ForkedBooter.java:428)
at org.apache.maven.surefire.booter.ForkedBooter.execute(ForkedBooter.java:162)
at org.apache.maven.surefire.booter.ForkedBooter.run(ForkedBooter.java:562)
at org.apache.maven.surefire.booter.ForkedBooter.main(ForkedBooter.java:548)
]]>
            </full-stacktrace>
          </exception> <!-- org.openqa.selenium.NoSuchElementException -->
          <reporter-output>
          </reporter-output>
        </test-method> <!-- clickOnSignInCTA -->
        <test-method status="PASS" signature="takescreenshot(org.testng.ITestResult)[pri:0, instance:com.cl.testcases.SP_TC_01@545997b1]" name="takescreenshot" is-config="true" duration-ms="318" started-at="2022-08-16T15:31:49 IST" finished-at="2022-08-16T15:31:49 IST">
          <params>
            <param index="0">
              <value>
                <![CDATA[[TestResult name=clickOnSignInCTA status=FAILURE method=SP_TC_01.clickOnSignInCTA()[pri:3, instance:com.cl.testcases.SP_TC_01@545997b1] output={null}]]]>
              </value>
            </param>
          </params>
          <reporter-output>
            <line>
              <![CDATA[Test is about to end]]>
            </line>
            <line>
              <![CDATA[Test Completed >>>> Reports Generated]]>
            </line>
          </reporter-output>
        </test-method> <!-- takescreenshot -->
        <test-method status="PASS" signature="clickOnEmailIdTextField()[pri:4, instance:com.cl.testcases.SP_TC_01@545997b1]" name="clickOnEmailIdTextField" duration-ms="190" started-at="2022-08-16T15:31:49 IST" description="Step 4: Click on Email ID Text Field" finished-at="2022-08-16T15:31:49 IST">
          <reporter-output>
          </reporter-output>
        </test-method> <!-- clickOnEmailIdTextField -->
        <test-method status="PASS" signature="takescreenshot(org.testng.ITestResult)[pri:0, instance:com.cl.testcases.SP_TC_01@545997b1]" name="takescreenshot" is-config="true" duration-ms="286" started-at="2022-08-16T15:31:49 IST" finished-at="2022-08-16T15:31:49 IST">
          <params>
            <param index="0">
              <value>
                <![CDATA[[TestResult name=clickOnEmailIdTextField status=SUCCESS method=SP_TC_01.clickOnEmailIdTextField()[pri:4, instance:com.cl.testcases.SP_TC_01@545997b1] output={null}]]]>
              </value>
            </param>
          </params>
          <reporter-output>
            <line>
              <![CDATA[Test is about to end]]>
            </line>
            <line>
              <![CDATA[Test Completed >>>> Reports Generated]]>
            </line>
          </reporter-output>
        </test-method> <!-- takescreenshot -->
        <test-method status="PASS" signature="enterEmailIdOnTextField()[pri:5, instance:com.cl.testcases.SP_TC_01@545997b1]" name="enterEmailIdOnTextField" duration-ms="238" started-at="2022-08-16T15:31:49 IST" description="Step 5: Enter Email Id" finished-at="2022-08-16T15:31:50 IST">
          <reporter-output>
          </reporter-output>
        </test-method> <!-- enterEmailIdOnTextField -->
        <test-method status="PASS" signature="takescreenshot(org.testng.ITestResult)[pri:0, instance:com.cl.testcases.SP_TC_01@545997b1]" name="takescreenshot" is-config="true" duration-ms="403" started-at="2022-08-16T15:31:50 IST" finished-at="2022-08-16T15:31:50 IST">
          <params>
            <param index="0">
              <value>
                <![CDATA[[TestResult name=enterEmailIdOnTextField status=SUCCESS method=SP_TC_01.enterEmailIdOnTextField()[pri:5, instance:com.cl.testcases.SP_TC_01@545997b1] output={null}]]]>
              </value>
            </param>
          </params>
          <reporter-output>
            <line>
              <![CDATA[Test is about to end]]>
            </line>
            <line>
              <![CDATA[Test Completed >>>> Reports Generated]]>
            </line>
          </reporter-output>
        </test-method> <!-- takescreenshot -->
        <test-method status="PASS" signature="clickOnContinueCTA()[pri:6, instance:com.cl.testcases.SP_TC_01@545997b1]" name="clickOnContinueCTA" duration-ms="2419" started-at="2022-08-16T15:31:50 IST" description="Step 6: Click On Continue CTA" finished-at="2022-08-16T15:31:53 IST">
          <reporter-output>
          </reporter-output>
        </test-method> <!-- clickOnContinueCTA -->
        <test-method status="PASS" signature="takescreenshot(org.testng.ITestResult)[pri:0, instance:com.cl.testcases.SP_TC_01@545997b1]" name="takescreenshot" is-config="true" duration-ms="303" started-at="2022-08-16T15:31:53 IST" finished-at="2022-08-16T15:31:53 IST">
          <params>
            <param index="0">
              <value>
                <![CDATA[[TestResult name=clickOnContinueCTA status=SUCCESS method=SP_TC_01.clickOnContinueCTA()[pri:6, instance:com.cl.testcases.SP_TC_01@545997b1] output={null}]]]>
              </value>
            </param>
          </params>
          <reporter-output>
            <line>
              <![CDATA[Test is about to end]]>
            </line>
            <line>
              <![CDATA[Test Completed >>>> Reports Generated]]>
            </line>
          </reporter-output>
        </test-method> <!-- takescreenshot -->
        <test-method status="PASS" signature="clickOnPasswordTextField()[pri:7, instance:com.cl.testcases.SP_TC_01@545997b1]" name="clickOnPasswordTextField" duration-ms="4155" started-at="2022-08-16T15:31:53 IST" description="Step 7: Click on Password Text Field" finished-at="2022-08-16T15:31:57 IST">
          <reporter-output>
          </reporter-output>
        </test-method> <!-- clickOnPasswordTextField -->
        <test-method status="PASS" signature="takescreenshot(org.testng.ITestResult)[pri:0, instance:com.cl.testcases.SP_TC_01@545997b1]" name="takescreenshot" is-config="true" duration-ms="323" started-at="2022-08-16T15:31:57 IST" finished-at="2022-08-16T15:31:57 IST">
          <params>
            <param index="0">
              <value>
                <![CDATA[[TestResult name=clickOnPasswordTextField status=SUCCESS method=SP_TC_01.clickOnPasswordTextField()[pri:7, instance:com.cl.testcases.SP_TC_01@545997b1] output={null}]]]>
              </value>
            </param>
          </params>
          <reporter-output>
            <line>
              <![CDATA[Test is about to end]]>
            </line>
            <line>
              <![CDATA[Test Completed >>>> Reports Generated]]>
            </line>
          </reporter-output>
        </test-method> <!-- takescreenshot -->
        <test-method status="PASS" signature="enterpasswordOnTextField()[pri:8, instance:com.cl.testcases.SP_TC_01@545997b1]" name="enterpasswordOnTextField" duration-ms="331" started-at="2022-08-16T15:31:57 IST" description="Step 8: Enter Password" finished-at="2022-08-16T15:31:58 IST">
          <reporter-output>
          </reporter-output>
        </test-method> <!-- enterpasswordOnTextField -->
        <test-method status="PASS" signature="takescreenshot(org.testng.ITestResult)[pri:0, instance:com.cl.testcases.SP_TC_01@545997b1]" name="takescreenshot" is-config="true" duration-ms="370" started-at="2022-08-16T15:31:58 IST" finished-at="2022-08-16T15:31:58 IST">
          <params>
            <param index="0">
              <value>
                <![CDATA[[TestResult name=enterpasswordOnTextField status=SUCCESS method=SP_TC_01.enterpasswordOnTextField()[pri:8, instance:com.cl.testcases.SP_TC_01@545997b1] output={null}]]]>
              </value>
            </param>
          </params>
          <reporter-output>
            <line>
              <![CDATA[Test is about to end]]>
            </line>
            <line>
              <![CDATA[Test Completed >>>> Reports Generated]]>
            </line>
          </reporter-output>
        </test-method> <!-- takescreenshot -->
        <test-method status="FAIL" signature="clickOnTheSignInCTA()[pri:9, instance:com.cl.testcases.SP_TC_01@545997b1]" name="clickOnTheSignInCTA" duration-ms="4977" started-at="2022-08-16T15:31:58 IST" description="Step 9: Click On The Sign IN CTA" finished-at="2022-08-16T15:32:03 IST">
          <exception class="java.lang.IllegalArgumentException">
            <message>
              <![CDATA[Cannot find elements when the XPath is null.]]>
            </message>
            <full-stacktrace>
              <![CDATA[java.lang.IllegalArgumentException: Cannot find elements when the XPath is null.
at org.openqa.selenium.internal.Require$ArgumentChecker.nonNull(Require.java:204)
at org.openqa.selenium.By$ByXPath.<init>(By.java:287)
at org.openqa.selenium.By.xpath(By.java:89)
at com.cl.pages.HomePage.<init>(HomePage.java:21)
at com.cl.pages.SignInPage.clickOnTheSignInCTA(SignInPage.java:125)
at com.cl.testcases.SP_TC_01.clickOnTheSignInCTA(SP_TC_01.java:119)
at sun.reflect.NativeMethodAccessorImpl.invoke0(Native Method)
at sun.reflect.NativeMethodAccessorImpl.invoke(NativeMethodAccessorImpl.java:62)
at sun.reflect.DelegatingMethodAccessorImpl.invoke(DelegatingMethodAccessorImpl.java:43)
at java.lang.reflect.Method.invoke(Method.java:498)
at org.testng.internal.MethodInvocationHelper.invokeMethod(MethodInvocationHelper.java:133)
at org.testng.internal.TestInvoker.invokeMethod(TestInvoker.java:598)
at org.testng.internal.TestInvoker.invokeTestMethod(TestInvoker.java:173)
at org.testng.internal.MethodRunner.runInSequence(MethodRunner.java:46)
at org.testng.internal.TestInvoker$MethodInvocationAgent.invoke(TestInvoker.java:824)
at org.testng.internal.TestInvoker.invokeTestMethods(TestInvoker.java:146)
at org.testng.internal.TestMethodWorker.invokeTestMethods(TestMethodWorker.java:146)
at org.testng.internal.TestMethodWorker.run(TestMethodWorker.java:128)
at java.util.ArrayList.forEach(ArrayList.java:1249)
at org.testng.TestRunner.privateRun(TestRunner.java:794)
at org.testng.TestRunner.run(TestRunner.java:596)
at org.testng.SuiteRunner.runTest(SuiteRunner.java:377)
at org.testng.SuiteRunner.runSequentially(SuiteRunner.java:371)
at org.testng.SuiteRunner.privateRun(SuiteRunner.java:332)
at org.testng.SuiteRunner.run(SuiteRunner.java:276)
at org.testng.SuiteRunnerWorker.runSuite(SuiteRunnerWorker.java:53)
at org.testng.SuiteRunnerWorker.run(SuiteRunnerWorker.java:96)
at org.testng.TestNG.runSuitesSequentially(TestNG.java:1212)
at org.testng.TestNG.runSuitesLocally(TestNG.java:1134)
at org.testng.TestNG.runSuites(TestNG.java:1063)
at org.testng.TestNG.run(TestNG.java:1031)
at org.apache.maven.surefire.testng.TestNGExecutor.run(TestNGExecutor.java:284)
at org.apache.maven.surefire.testng.TestNGXmlTestSuite.execute(TestNGXmlTestSuite.java:75)
at org.apache.maven.surefire.testng.TestNGProvider.invoke(TestNGProvider.java:119)
at org.apache.maven.surefire.booter.ForkedBooter.runSuitesInProcess(ForkedBooter.java:428)
at org.apache.maven.surefire.booter.ForkedBooter.execute(ForkedBooter.java:162)
at org.apache.maven.surefire.booter.ForkedBooter.run(ForkedBooter.java:562)
at org.apache.maven.surefire.booter.ForkedBooter.main(ForkedBooter.java:548)
]]>
            </full-stacktrace>
          </exception> <!-- java.lang.IllegalArgumentException -->
          <reporter-output>
          </reporter-output>
        </test-method> <!-- clickOnTheSignInCTA -->
        <test-method status="PASS" signature="takescreenshot(org.testng.ITestResult)[pri:0, instance:com.cl.testcases.SP_TC_01@545997b1]" name="takescreenshot" is-config="true" duration-ms="1176" started-at="2022-08-16T15:32:03 IST" finished-at="2022-08-16T15:32:04 IST">
          <params>
            <param index="0">
              <value>
                <![CDATA[[TestResult name=clickOnTheSignInCTA status=FAILURE method=SP_TC_01.clickOnTheSignInCTA()[pri:9, instance:com.cl.testcases.SP_TC_01@545997b1] output={null}]]]>
              </value>
            </param>
          </params>
          <reporter-output>
            <line>
              <![CDATA[Test is about to end]]>
            </line>
            <line>
              <![CDATA[Test Completed >>>> Reports Generated]]>
            </line>
          </reporter-output>
        </test-method> <!-- takescreenshot -->
      </class> <!-- com.cl.testcases.SP_TC_01 -->
    </test> <!-- Test -->
  </suite> <!-- Suite -->
</testng-results>
